<?xml version="1.0" encoding="UTF-8"?>
<!-- Generated by org.testng.reporters.JUnitXMLReporter -->
<testsuite ignored="0" hostname="DESKTOP-6EQEVO7" failures="1" tests="3" name="Test" time="10.852" errors="0" timestamp="2025-11-07T17:36:37 IST">
  <testcase classname="testscript.TestScript" name="TC_01_VerifyUIOfHRM" time="1.634"/>
  <testcase classname="testscript.TestScript" name="TC_02verifyValidLogin" time="1.637"/>
  <testcase classname="testscript.TestScript" name="TC_03VerifyInvalidLogin" time="0.0">
    <failure type="org.testng.TestNGException" message="
Cannot inject @Test annotated Method [TC_03VerifyInvalidLogin] with [class java.lang.String, class java.lang.String].
For more information on native dependency injection please refer to https://testng.org/#_dependency_injection">
      <![CDATA[org.testng.TestNGException: 
Cannot inject @Test annotated Method [TC_03VerifyInvalidLogin] with [class java.lang.String, class java.lang.String].
For more information on native dependency injection please refer to https://testng.org/#_dependency_injection
at java.base/java.util.ArrayList.forEach(ArrayList.java:1596)
... Removed 26 stack frames]]>
    </failure>
  </testcase> <!-- TC_03VerifyInvalidLogin -->
</testsuite> <!-- Test -->
