<?xml version="1.0" encoding="UTF-8"?>
<!-- Generated by org.testng.reporters.JUnitXMLReporter -->
<testsuite ignored="0" hostname="DESKTOP-6EQEVO7" failures="0" tests="3" name="TC_02verifyValidLogin" time="111.221" errors="0" timestamp="2025-11-07T14:53:11 IST">
  <testcase classname="testscript.TestScript" name="TC_02verifyValidLogin" time="2.559"/>
  <testcase classname="testscript.TestScript" name="TC_03verifyValidLogin" time="50.275"/>
  <testcase classname="testscript.TestScript" name="TC_04verifyValidLogin" time="50.28"/>
</testsuite> <!-- TC_02verifyValidLogin -->
