<?xml version="1.0" encoding="UTF-8"?>
<!-- Generated by org.testng.reporters.JUnitXMLReporter -->
<testsuite ignored="0" hostname="DESKTOP-6EQEVO7" failures="0" tests="5" name="TC_02verifyValidLogin()" time="30.313" errors="0" timestamp="2025-11-07T13:26:20 IST">
  <testcase classname="testscript.TestScript" name="TC_02verifyValidLogin" time="9.272"/>
  <testcase classname="testscript.TestScript" name="TC_03VerifyInvalidLogin" time="9.882"/>
  <testcase classname="testscript.TestScript" name="TC_01_VerifyUIOfHRM" time="11.707"/>
  <testcase classname="testscript.TestScript" name="TC_03VerifyInvalidLogin" time="2.723"/>
  <testcase classname="testscript.TestScript" name="TC_03VerifyInvalidLogin" time="1.13"/>
</testsuite> <!-- TC_02verifyValidLogin() -->
