<?xml version="1.0" encoding="UTF-8"?>
<!-- Generated by org.testng.reporters.JUnitXMLReporter -->
<testsuite ignored="0" hostname="DESKTOP-6EQEVO7" failures="0" tests="3" name="TC_04closureOfBrowser" time="110.378" errors="0" timestamp="2025-11-07T14:53:10 IST">
  <testcase classname="testscript.TestScript" name="TC_02verifyValidLogin" time="2.519"/>
  <testcase classname="testscript.TestScript" name="TC_03verifyValidLogin" time="50.212"/>
  <testcase classname="testscript.TestScript" name="TC_04verifyValidLogin" time="50.385"/>
</testsuite> <!-- TC_04closureOfBrowser -->
