<?xml version="1.0" encoding="UTF-8"?>
<!-- Generated by org.testng.reporters.JUnitXMLReporter -->
<testsuite ignored="0" hostname="DESKTOP-6EQEVO7" failures="2" tests="6" name="test 2" time="78.566" errors="0" timestamp="2026-01-23T17:00:59 IST">
  <testcase classname="testscript.TestScript3" name="TC_03VerifyInvalidLogin" time="0.003">
    <failure type="org.testng.internal.reflect.MethodMatcherException" message="
[public void testscript.TestScript3.TC_03VerifyInvalidLogin(java.lang.String,java.lang.String)] has no parameters defined but was found to be using a data provider (either explicitly specified or inherited from class level annotation).
Data provider mismatch
Method: TC_03VerifyInvalidLogin([java.lang.String arg0, java.lang.String arg1])
Arguments: [([Ljava.lang.Object;) [admin, 123, 12],([Ljava.lang.Object;) [as, 65,  12],([Ljava.lang.Object;) [astha, 233,  ]]">
      <![CDATA[org.testng.internal.reflect.MethodMatcherException: 
[public void testscript.TestScript3.TC_03VerifyInvalidLogin(java.lang.String,java.lang.String)] has no parameters defined but was found to be using a data provider (either explicitly specified or inherited from class level annotation).
Data provider mismatch
Method: TC_03VerifyInvalidLogin([java.lang.String arg0, java.lang.String arg1])
Arguments: [([Ljava.lang.Object;) [admin, 123, 12],([Ljava.lang.Object;) [as, 65,  12],([Ljava.lang.Object;) [astha, 233,  ]]
at java.base/java.util.concurrent.Executors$RunnableAdapter.call(Executors.java:572)
at java.base/java.util.concurrent.FutureTask.run(FutureTask.java:317)
at java.base/java.util.concurrent.ThreadPoolExecutor.runWorker(ThreadPoolExecutor.java:1144)
at java.base/java.util.concurrent.ThreadPoolExecutor$Worker.run(ThreadPoolExecutor.java:642)
at java.base/java.lang.Thread.run(Thread.java:1583)
... Removed 8 stack frames]]>
    </failure>
  </testcase> <!-- TC_03VerifyInvalidLogin -->
  <testcase classname="testscript.TestScript4" name="TC_01_VerifyUIOfHRM" time="3.7"/>
  <testcase classname="testscript.TestScript4" name="TC_02verifyValidLogin" time="3.674"/>
  <testcase classname="testscript.TestScript4" name="TC_03VerifyInvalidLogin" time="0.001">
    <failure type="org.testng.internal.reflect.MethodMatcherException" message="
[public void testscript.TestScript4.TC_03VerifyInvalidLogin(java.lang.String,java.lang.String)] has no parameters defined but was found to be using a data provider (either explicitly specified or inherited from class level annotation).
Data provider mismatch
Method: TC_03VerifyInvalidLogin([java.lang.String arg0, java.lang.String arg1])
Arguments: [([Ljava.lang.Object;) [admin, 123, 12],([Ljava.lang.Object;) [as, 65,  12],([Ljava.lang.Object;) [astha, 233,  ]]">
      <![CDATA[org.testng.internal.reflect.MethodMatcherException: 
[public void testscript.TestScript4.TC_03VerifyInvalidLogin(java.lang.String,java.lang.String)] has no parameters defined but was found to be using a data provider (either explicitly specified or inherited from class level annotation).
Data provider mismatch
Method: TC_03VerifyInvalidLogin([java.lang.String arg0, java.lang.String arg1])
Arguments: [([Ljava.lang.Object;) [admin, 123, 12],([Ljava.lang.Object;) [as, 65,  12],([Ljava.lang.Object;) [astha, 233,  ]]
at java.base/java.util.concurrent.Executors$RunnableAdapter.call(Executors.java:572)
at java.base/java.util.concurrent.FutureTask.run(FutureTask.java:317)
at java.base/java.util.concurrent.ThreadPoolExecutor.runWorker(ThreadPoolExecutor.java:1144)
at java.base/java.util.concurrent.ThreadPoolExecutor$Worker.run(ThreadPoolExecutor.java:642)
at java.base/java.lang.Thread.run(Thread.java:1583)
... Removed 8 stack frames]]>
    </failure>
  </testcase> <!-- TC_03VerifyInvalidLogin -->
  <testcase classname="testscript.TestScript3" name="TC_02verifyValidLogin" time="29.444"/>
  <testcase classname="testscript.TestScript3" name="TC_01_VerifyUIOfHRM" time="69.661"/>
</testsuite> <!-- test 2 -->
