<?xml version="1.0" encoding="UTF-8"?>
<!-- Generated by org.testng.reporters.JUnitXMLReporter -->
<testsuite ignored="0" hostname="DESKTOP-6EQEVO7" failures="1" tests="3" name="test1" time="25.501" errors="0" timestamp="2026-01-27T12:19:24 IST">
  <testcase classname="testscript.TestScript" name="TC_01_VerifyUIOfHRM" time="4.478"/>
  <testcase classname="testscript.TestScript" name="TC_02verifyValidLogin" time="4.515">
    <failure type="java.lang.AssertionError" message="Username mismatch expected [false] but found [true]">
      <![CDATA[java.lang.AssertionError: Username mismatch expected [false] but found [true]
at testscript.TestScript.TC_02verifyValidLogin(TestScript.java:77)
at java.base/java.util.concurrent.Executors$RunnableAdapter.call(Executors.java:572)
at java.base/java.util.concurrent.FutureTask.run(FutureTask.java:317)
at java.base/java.util.concurrent.ThreadPoolExecutor.runWorker(ThreadPoolExecutor.java:1144)
at java.base/java.util.concurrent.ThreadPoolExecutor$Worker.run(ThreadPoolExecutor.java:642)
at java.base/java.lang.Thread.run(Thread.java:1583)
... Removed 14 stack frames]]>
    </failure>
  </testcase> <!-- TC_02verifyValidLogin -->
  <testcase classname="testscript.TestScript" name="TC_03VerifyInvalidLogin" time="0.556"/>
</testsuite> <!-- test1 -->
