<?xml version="1.0" encoding="UTF-8"?>
<!-- Generated by org.testng.reporters.JUnitXMLReporter -->
<testsuite ignored="2" hostname="DESKTOP-6EQEVO7" failures="0" tests="1" name="test3" time="12.962" errors="0" timestamp="2025-11-07T17:57:47 IST">
  <testcase classname="testscript.TestScript" name="TC_02verifyValidLogin" time="5.972"/>
  <testcase classname="testscript.TestScript" name="TC_03VerifyInvalidLogin" time="0.0">
    <ignored/>
  </testcase> <!-- TC_03VerifyInvalidLogin -->
  <testcase classname="testscript.TestScript" name="TC_01_VerifyUIOfHRM" time="0.0">
    <ignored/>
  </testcase> <!-- TC_01_VerifyUIOfHRM -->
</testsuite> <!-- test3 -->
