<?xml version="1.0" encoding="UTF-8"?>
<!-- Generated by org.testng.reporters.JUnitXMLReporter -->
<testsuite ignored="2" hostname="DESKTOP-6EQEVO7" failures="0" tests="3" name="test2" time="15.913" errors="0" timestamp="2025-11-07T17:57:50 IST">
  <testcase classname="testscript.TestScript" name="TC_03VerifyInvalidLogin" time="3.355"/>
  <testcase classname="testscript.TestScript" name="TC_03VerifyInvalidLogin" time="1.793"/>
  <testcase classname="testscript.TestScript" name="TC_03VerifyInvalidLogin" time="1.602"/>
  <testcase classname="testscript.TestScript" name="TC_01_VerifyUIOfHRM" time="0.0">
    <ignored/>
  </testcase> <!-- TC_01_VerifyUIOfHRM -->
  <testcase classname="testscript.TestScript" name="TC_02verifyValidLogin" time="0.0">
    <ignored/>
  </testcase> <!-- TC_02verifyValidLogin -->
</testsuite> <!-- test2 -->
