<?xml version="1.0" encoding="UTF-8"?>
<testng-results ignored="0" total="2" passed="2" failed="0" skipped="0">
  <reporter-output>
  </reporter-output>
  <suite started-at="2026-01-27T12:21:41 IST" name="Default suite" finished-at="2026-01-27T12:22:07 IST" duration-ms="26733">
    <groups>
    </groups>
    <test started-at="2026-01-27T12:21:41 IST" name="Default test" finished-at="2026-01-27T12:22:07 IST" duration-ms="26733">
      <class name="testscript.TestScript">
        <test-method is-config="true" signature="setUp()[pri:0, instance:testscript.TestScript@3c3d9b6b]" started-at="2026-01-27T12:21:41 IST" name="setUp" finished-at="2026-01-27T12:21:59 IST" duration-ms="18673" status="PASS">
          <reporter-output>
          </reporter-output>
        </test-method> <!-- setUp -->
        <test-method signature="TC_01_VerifyUIOfHRM()[pri:0, instance:testscript.TestScript@3c3d9b6b]" started-at="2026-01-27T12:22:00 IST" name="TC_01_VerifyUIOfHRM" finished-at="2026-01-27T12:22:06 IST" duration-ms="6022" status="PASS">
          <reporter-output>
          </reporter-output>
        </test-method> <!-- TC_01_VerifyUIOfHRM -->
        <test-method signature="TC_03VerifyInvalidLogin()[pri:0, instance:testscript.TestScript@3c3d9b6b]" started-at="2026-01-27T12:22:07 IST" name="TC_03VerifyInvalidLogin" finished-at="2026-01-27T12:22:07 IST" depends-on-methods="testscript.TestScript.TC_01_VerifyUIOfHRM" duration-ms="271" status="PASS">
          <reporter-output>
          </reporter-output>
        </test-method> <!-- TC_03VerifyInvalidLogin -->
      </class> <!-- testscript.TestScript -->
    </test> <!-- Default test -->
  </suite> <!-- Default suite -->
</testng-results>
