<?xml version="1.0" encoding="UTF-8"?>
<!-- Generated by org.testng.reporters.JUnitReportReporter -->
<testsuite hostname="DESKTOP-6EQEVO7" failures="0" tests="3" name="testscript.TestScript3" time="99.108" errors="1" timestamp="2026-01-23T17:01:00 IST" skipped="0">
  <testcase classname="testscript.TestScript3" name="TC_01_VerifyUIOfHRM" time="69.661"/>
  <testcase classname="testscript.TestScript3" name="TC_03VerifyInvalidLogin" time="0.003">
    <error message="
[public void testscript.TestScript3.TC_03VerifyInvalidLogin(java.lang.String,java.lang.String)] has no parameters defined but was found to be using a data provider (either explicitly specified or inherited from class level annotation).
Data provider mismatch
Method: TC_03VerifyInvalidLogin([java.lang.String arg0, java.lang.String arg1])
Arguments: [([Ljava.lang.Object;) [admin, 123, 12],([Ljava.lang.Object;) [as, 65,  12],([Ljava.lang.Object;) [astha, 233,  ]]" type="org.testng.internal.reflect.MethodMatcherException">
      <![CDATA[org.testng.internal.reflect.MethodMatcherException: 
[public void testscript.TestScript3.TC_03VerifyInvalidLogin(java.lang.String,java.lang.String)] has no parameters defined but was found to be using a data provider (either explicitly specified or inherited from class level annotation).
Data provider mismatch
Method: TC_03VerifyInvalidLogin([java.lang.String arg0, java.lang.String arg1])
Arguments: [([Ljava.lang.Object;) [admin, 123, 12],([Ljava.lang.Object;) [as, 65,  12],([Ljava.lang.Object;) [astha, 233,  ]]
at org.testng.internal.reflect.DataProviderMethodMatcher.getConformingArguments(DataProviderMethodMatcher.java:46)
at org.testng.internal.Parameters.injectParameters(Parameters.java:915)
at org.testng.internal.invokers.MethodRunner.runInSequence(MethodRunner.java:50)
at org.testng.internal.invokers.TestInvoker$MethodInvocationAgent.invoke(TestInvoker.java:995)
at org.testng.internal.invokers.TestInvoker.invokeTestMethods(TestInvoker.java:203)
at org.testng.internal.invokers.TestMethodWorker.invokeTestMethods(TestMethodWorker.java:154)
at org.testng.internal.invokers.TestMethodWorker.run(TestMethodWorker.java:134)
at java.base/java.util.concurrent.Executors$RunnableAdapter.call(Executors.java:572)
at java.base/java.util.concurrent.FutureTask.run(FutureTask.java:317)
at org.testng.internal.thread.graph.TestNGFutureTask.run(TestNGFutureTask.java:22)
at java.base/java.util.concurrent.ThreadPoolExecutor.runWorker(ThreadPoolExecutor.java:1144)
at java.base/java.util.concurrent.ThreadPoolExecutor$Worker.run(ThreadPoolExecutor.java:642)
at java.base/java.lang.Thread.run(Thread.java:1583)
]]>
    </error>
  </testcase> <!-- TC_03VerifyInvalidLogin -->
  <testcase classname="testscript.TestScript3" name="TC_02verifyValidLogin" time="29.444"/>
</testsuite> <!-- testscript.TestScript3 -->
