<?xml version="1.0" encoding="UTF-8"?>
<!-- Generated by org.testng.reporters.JUnitXMLReporter -->
<testsuite ignored="3" hostname="DESKTOP-6EQEVO7" failures="0" tests="0" time="0.016" errors="0" timestamp="2025-11-10T15:02:06 IST">
  <testcase classname="testscript.TestScript" name="TC_02verifyValidLogin" time="0.0">
    <ignored/>
  </testcase> <!-- TC_02verifyValidLogin -->
  <testcase classname="testscript.TestScript" name="TC_03VerifyInvalidLogin" time="0.0">
    <ignored/>
  </testcase> <!-- TC_03VerifyInvalidLogin -->
  <testcase classname="testscript.TestScript" name="TC_01_VerifyUIOfHRM" time="0.0">
    <ignored/>
  </testcase> <!-- TC_01_VerifyUIOfHRM -->
</testsuite>
